<?xml version="1.0" encoding="UTF-8"?>
<testsuite name="BackpressureTask2Tests" tests="1" skipped="0" failures="0" errors="0" timestamp="2022-12-25T17:18:45" hostname="EPICANDREW" time="0.282">
  <properties/>
  <testcase name="testSolution()" classname="BackpressureTask2Tests" time="0.282"/>
  <system-out><![CDATA[19:18:45.516 [Test worker] DEBUG reactor.util.Loggers - Using Slf4j logging framework
]]></system-out>
  <system-err><![CDATA[]]></system-err>
</testsuite>
