<?xml version="1.0" encoding="UTF-8"?>
<testsuite name="CommonOperatorsTask3Tests" tests="1" skipped="0" failures="0" errors="0" timestamp="2022-12-21T20:19:42" hostname="EPICANDREW" time="0.18">
  <properties/>
  <testcase name="testSolution()" classname="CommonOperatorsTask3Tests" time="0.18"/>
  <system-out><![CDATA[22:19:42.668 [Test worker] DEBUG reactor.util.Loggers - Using Slf4j logging framework
]]></system-out>
  <system-err><![CDATA[]]></system-err>
</testsuite>
