<?xml version="1.0" encoding="UTF-8"?>
<testsuite name="MultithreadingOperatorsTask5Tests" tests="2" skipped="0" failures="0" errors="0" timestamp="2022-12-24T20:49:17" hostname="EPICANDREW" time="2.178">
  <properties/>
  <testcase name="testSolution()" classname="MultithreadingOperatorsTask5Tests" time="1.122"/>
  <testcase name="testSolution1()" classname="MultithreadingOperatorsTask5Tests" time="1.048"/>
  <system-out><![CDATA[22:49:18.284 [Test worker] DEBUG reactor.util.Loggers - Using Slf4j logging framework
]]></system-out>
  <system-err><![CDATA[]]></system-err>
</testsuite>
