<?xml version="1.0" encoding="UTF-8"?>
<testsuite name="CommonOperatorsTask6Tests" tests="1" skipped="0" failures="0" errors="0" timestamp="2022-12-21T20:39:02" hostname="EPICANDREW" time="0.191">
  <properties/>
  <testcase name="testSolution()" classname="CommonOperatorsTask6Tests" time="0.191"/>
  <system-out><![CDATA[22:39:02.515 [Test worker] DEBUG reactor.util.Loggers - Using Slf4j logging framework
]]></system-out>
  <system-err><![CDATA[]]></system-err>
</testsuite>
