<?xml version="1.0" encoding="UTF-8"?>
<testsuite name="CommonPublishersTask3Tests" tests="1" skipped="0" failures="0" errors="0" timestamp="2022-12-19T22:47:26" hostname="EPICANDREW" time="1.918">
  <properties/>
  <testcase name="testSolution()" classname="CommonPublishersTask3Tests" time="1.918"/>
  <system-out><![CDATA[00:47:28.655 [Test worker] DEBUG reactor.util.Loggers - Using Slf4j logging framework
]]></system-out>
  <system-err><![CDATA[]]></system-err>
</testsuite>
