<?xml version="1.0" encoding="UTF-8"?>
<testsuite name="ResilienceTask2Tests" tests="3" skipped="0" failures="0" errors="0" timestamp="2022-12-27T10:44:11" hostname="EPICANDREW" time="0.47">
  <properties/>
  <testcase name="testSolution()" classname="ResilienceTask2Tests" time="0.454"/>
  <testcase name="testSolution1()" classname="ResilienceTask2Tests" time="0.006"/>
  <testcase name="testSolution2()" classname="ResilienceTask2Tests" time="0.004"/>
  <system-out><![CDATA[12:44:11.390 [Test worker] DEBUG reactor.util.Loggers - Using Slf4j logging framework
]]></system-out>
  <system-err><![CDATA[]]></system-err>
</testsuite>
