<?xml version="1.0" encoding="UTF-8"?>
<testsuite name="ContextTask2Tests" tests="1" skipped="0" failures="0" errors="0" timestamp="2022-12-31T02:06:06" hostname="EPICANDREW" time="0.685">
  <properties/>
  <testcase name="testSolution()" classname="ContextTask2Tests" time="0.685"/>
  <system-out><![CDATA[04:06:07.154 [Test worker] DEBUG reactor.util.Loggers - Using Slf4j logging framework
]]></system-out>
  <system-err><![CDATA[]]></system-err>
</testsuite>
