<?xml version="1.0" encoding="UTF-8"?>
<testsuite name="ContextTask1Tests" tests="1" skipped="0" failures="0" errors="0" timestamp="2022-12-31T02:03:54" hostname="EPICANDREW" time="0.402">
  <properties/>
  <testcase name="testSolution()" classname="ContextTask1Tests" time="0.402"/>
  <system-out><![CDATA[04:03:55.239 [Test worker] DEBUG reactor.util.Loggers - Using Slf4j logging framework
]]></system-out>
  <system-err><![CDATA[]]></system-err>
</testsuite>
