<?xml version="1.0" encoding="UTF-8"?>
<testsuite name="MultipleSourcesTask5Tests" tests="1" skipped="0" failures="0" errors="0" timestamp="2022-12-24T20:46:38" hostname="EPICANDREW" time="0.825">
  <properties/>
  <testcase name="testSolution()" classname="MultipleSourcesTask5Tests" time="0.825"/>
  <system-out><![CDATA[22:46:39.221 [Test worker] DEBUG reactor.util.Loggers - Using Slf4j logging framework
]]></system-out>
  <system-err><![CDATA[]]></system-err>
</testsuite>
