<?xml version="1.0" encoding="UTF-8"?>
<testsuite name="MultipleSourcesTask3Tests" tests="1" skipped="0" failures="0" errors="0" timestamp="2022-12-22T17:25:33" hostname="EPICANDREW" time="0.216">
  <properties/>
  <testcase name="testSolution()" classname="MultipleSourcesTask3Tests" time="0.216"/>
  <system-out><![CDATA[19:25:33.589 [Test worker] DEBUG reactor.util.Loggers - Using Slf4j logging framework
]]></system-out>
  <system-err><![CDATA[]]></system-err>
</testsuite>
