<?xml version="1.0" encoding="UTF-8"?>
<testsuite name="CommonPublishersTask2Tests" tests="1" skipped="0" failures="0" errors="0" timestamp="2022-12-20T16:58:43" hostname="EPICANDREW" time="0.941">
  <properties/>
  <testcase name="testSolution()" classname="CommonPublishersTask2Tests" time="0.941"/>
  <system-out><![CDATA[18:58:44.664 [Test worker] DEBUG reactor.util.Loggers - Using Slf4j logging framework
]]></system-out>
  <system-err><![CDATA[]]></system-err>
</testsuite>
