<?xml version="1.0" encoding="UTF-8"?>
<testsuite name="CPTask2Tests" tests="1" skipped="0" failures="0" errors="0" timestamp="2022-12-27T13:28:25" hostname="EPICANDREW" time="2.713">
  <properties/>
  <testcase name="findVideoTest()" classname="CPTask2Tests" time="2.713"/>
  <system-out><![CDATA[15:28:26.960 [Test worker] DEBUG reactor.util.Loggers - Using Slf4j logging framework
]]></system-out>
  <system-err><![CDATA[]]></system-err>
</testsuite>
