<?xml version="1.0" encoding="UTF-8"?>
<testsuite name="CommonOperatorsTask10Tests" tests="1" skipped="0" failures="0" errors="0" timestamp="2022-12-21T20:59:04" hostname="EPICANDREW" time="0.272">
  <properties/>
  <testcase name="testSolution()" classname="CommonOperatorsTask10Tests" time="0.272"/>
  <system-out><![CDATA[22:59:04.645 [Test worker] DEBUG reactor.util.Loggers - Using Slf4j logging framework
]]></system-out>
  <system-err><![CDATA[]]></system-err>
</testsuite>
