<?xml version="1.0" encoding="UTF-8"?>
<testsuite name="ResilienceTask9Tests" tests="2" skipped="0" failures="0" errors="0" timestamp="2022-12-27T11:27:55" hostname="EPICANDREW" time="0.635">
  <properties/>
  <testcase name="testSolution()" classname="ResilienceTask9Tests" time="0.622"/>
  <testcase name="testSolution1()" classname="ResilienceTask9Tests" time="0.009"/>
  <system-out><![CDATA[13:27:56.198 [Test worker] DEBUG reactor.util.Loggers - Using Slf4j logging framework
]]></system-out>
  <system-err><![CDATA[]]></system-err>
</testsuite>
