<?xml version="1.0" encoding="UTF-8"?>
<testsuite name="MultipleSourcesTask8Tests" tests="1" skipped="0" failures="0" errors="0" timestamp="2022-12-22T20:55:17" hostname="EPICANDREW" time="0.249">
  <properties/>
  <testcase name="testSolution()" classname="MultipleSourcesTask8Tests" time="0.249"/>
  <system-out><![CDATA[22:55:17.116 [Test worker] DEBUG reactor.util.Loggers - Using Slf4j logging framework
]]></system-out>
  <system-err><![CDATA[]]></system-err>
</testsuite>
