<?xml version="1.0" encoding="UTF-8"?>
<testsuite name="CommonOperatorsTask2Tests" tests="1" skipped="0" failures="0" errors="0" timestamp="2022-12-21T20:03:43" hostname="EPICANDREW" time="0.174">
  <properties/>
  <testcase name="testSolution()" classname="CommonOperatorsTask2Tests" time="0.174"/>
  <system-out><![CDATA[22:03:43.373 [Test worker] DEBUG reactor.util.Loggers - Using Slf4j logging framework
]]></system-out>
  <system-err><![CDATA[]]></system-err>
</testsuite>
