<?xml version="1.0" encoding="UTF-8"?>
<testsuite name="BackpressureTask5Tests" tests="1" skipped="0" failures="0" errors="0" timestamp="2022-12-25T17:23:30" hostname="EPICANDREW" time="0.268">
  <properties/>
  <testcase name="testSolution()" classname="BackpressureTask5Tests" time="0.268"/>
  <system-out><![CDATA[19:23:30.219 [Test worker] DEBUG reactor.util.Loggers - Using Slf4j logging framework
]]></system-out>
  <system-err><![CDATA[]]></system-err>
</testsuite>
