<?xml version="1.0" encoding="UTF-8"?>
<testsuite name="CommonOperatorsTask9Tests" tests="1" skipped="0" failures="0" errors="0" timestamp="2022-12-21T20:49:53" hostname="EPICANDREW" time="0.777">
  <properties/>
  <testcase name="testSolution()" classname="CommonOperatorsTask9Tests" time="0.777"/>
  <system-out><![CDATA[22:49:53.441 [Test worker] DEBUG reactor.util.Loggers - Using Slf4j logging framework
]]></system-out>
  <system-err><![CDATA[]]></system-err>
</testsuite>
