<?xml version="1.0" encoding="UTF-8"?>
<testsuite name="MultipleSourcesTask2Tests" tests="1" skipped="0" failures="0" errors="0" timestamp="2022-12-22T17:24:36" hostname="EPICANDREW" time="0.223">
  <properties/>
  <testcase name="testSolution()" classname="MultipleSourcesTask2Tests" time="0.223"/>
  <system-out><![CDATA[19:24:36.376 [Test worker] DEBUG reactor.util.Loggers - Using Slf4j logging framework
]]></system-out>
  <system-err><![CDATA[]]></system-err>
</testsuite>
