<?xml version="1.0" encoding="UTF-8"?>
<testsuite name="ResilienceTask7Tests" tests="1" skipped="0" failures="0" errors="0" timestamp="2022-12-27T10:57:45" hostname="EPICANDREW" time="0.66">
  <properties/>
  <testcase name="testSolution()" classname="ResilienceTask7Tests" time="0.66"/>
  <system-out><![CDATA[12:57:45.819 [Test worker] DEBUG reactor.util.Loggers - Using Slf4j logging framework
]]></system-out>
  <system-err><![CDATA[]]></system-err>
</testsuite>
