<?xml version="1.0" encoding="UTF-8"?>
<testsuite name="CommonOperatorsTask5Tests" tests="1" skipped="0" failures="0" errors="0" timestamp="2022-12-21T21:14:19" hostname="EPICANDREW" time="0.159">
  <properties/>
  <testcase name="testSolution()" classname="CommonOperatorsTask5Tests" time="0.159"/>
  <system-out><![CDATA[23:14:19.673 [Test worker] DEBUG reactor.util.Loggers - Using Slf4j logging framework
]]></system-out>
  <system-err><![CDATA[]]></system-err>
</testsuite>
