<?xml version="1.0" encoding="UTF-8"?>
<testsuite name="ResilienceTask5Tests" tests="1" skipped="0" failures="0" errors="0" timestamp="2022-12-27T10:48:15" hostname="EPICANDREW" time="1.62">
  <properties/>
  <testcase name="testSolution()" classname="ResilienceTask5Tests" time="1.62"/>
  <system-out><![CDATA[12:48:15.947 [Test worker] DEBUG reactor.util.Loggers - Using Slf4j logging framework
]]></system-out>
  <system-err><![CDATA[]]></system-err>
</testsuite>
