<?xml version="1.0" encoding="UTF-8"?>
<testsuite name="CommonOperatorsTask1Tests" tests="1" skipped="0" failures="0" errors="0" timestamp="2022-12-21T20:01:54" hostname="EPICANDREW" time="0.187">
  <properties/>
  <testcase name="testResultIsCorrect()" classname="CommonOperatorsTask1Tests" time="0.187"/>
  <system-out><![CDATA[22:01:54.540 [Test worker] DEBUG reactor.util.Loggers - Using Slf4j logging framework
]]></system-out>
  <system-err><![CDATA[]]></system-err>
</testsuite>
