<?xml version="1.0" encoding="UTF-8"?>
<testsuite name="ResilienceTask3Tests" tests="1" skipped="0" failures="0" errors="0" timestamp="2022-12-27T10:44:41" hostname="EPICANDREW" time="1.999">
  <properties/>
  <testcase name="testSolution()" classname="ResilienceTask3Tests" time="1.999"/>
  <system-out><![CDATA[12:44:43.699 [Test worker] DEBUG reactor.util.Loggers - Using Slf4j logging framework
]]></system-out>
  <system-err><![CDATA[]]></system-err>
</testsuite>
