<?xml version="1.0" encoding="UTF-8"?>
<testsuite name="CommonOperatorsTask7Tests" tests="1" skipped="0" failures="0" errors="0" timestamp="2022-12-21T20:42:54" hostname="EPICANDREW" time="0.193">
  <properties/>
  <testcase name="testSolution()" classname="CommonOperatorsTask7Tests" time="0.193"/>
  <system-out><![CDATA[22:42:55.108 [Test worker] DEBUG reactor.util.Loggers - Using Slf4j logging framework
]]></system-out>
  <system-err><![CDATA[]]></system-err>
</testsuite>
