<?xml version="1.0" encoding="UTF-8"?>
<testsuite name="CommonOperatorsTask8Tests" tests="1" skipped="0" failures="0" errors="0" timestamp="2022-12-21T20:44:26" hostname="EPICANDREW" time="0.188">
  <properties/>
  <testcase name="testSolution()" classname="CommonOperatorsTask8Tests" time="0.188"/>
  <system-out><![CDATA[22:44:26.966 [Test worker] DEBUG reactor.util.Loggers - Using Slf4j logging framework
]]></system-out>
  <system-err><![CDATA[]]></system-err>
</testsuite>
