<?xml version="1.0" encoding="UTF-8"?>
<testsuite name="HnSTask1Tests" tests="2" skipped="0" failures="0" errors="0" timestamp="2022-12-27T11:31:04" hostname="EPICANDREW" time="0.726">
  <properties/>
  <testcase name="testSolution()" classname="HnSTask1Tests" time="0.694"/>
  <testcase name="testSolution2()" classname="HnSTask1Tests" time="0.028"/>
  <system-out><![CDATA[13:31:04.802 [Test worker] DEBUG reactor.util.Loggers - Using Slf4j logging framework
13:31:04.813 [Test worker] DEBUG reactor.core.publisher.Hooks - Hooking onEachOperator: HnSTask1Tests$$Lambda$334/0x0000000800c6d040@747f281
13:31:05.154 [Test worker] DEBUG reactor.core.publisher.Hooks - Reset to factory defaults : onEachOperator
13:31:05.349 [Test worker] DEBUG reactor.core.publisher.Hooks - Hooking onEachOperator: HnSTask1Tests$$Lambda$378/0x0000000800d14c40@49cb9cb5
13:31:05.371 [Test worker] DEBUG reactor.core.publisher.Hooks - Reset to factory defaults : onEachOperator
]]></system-out>
  <system-err><![CDATA[]]></system-err>
</testsuite>
